#
# There is insufficient memory for the Java Runtime Environment to continue.
# Native memory allocation (mmap) failed to map 130023424 bytes for G1 virtual space
# Possible reasons:
#   The system is out of physical RAM or swap space
#   The process is running with CompressedOops enabled, and the Java Heap may be blocking the growth of the native heap
# Possible solutions:
#   Reduce memory load on the system
#   Increase physical memory or swap space
#   Check if swap backing store is full
#   Decrease Java heap size (-Xmx/-Xms)
#   Decrease number of Java threads
#   Decrease Java thread stack sizes (-Xss)
#   Set larger code cache with -XX:ReservedCodeCacheSize=
#   JVM is running with Unscaled Compressed Oops mode in which the Java heap is
#     placed in the first 4GB address space. The Java Heap base address is the
#     maximum limit for the native heap growth. Please use -XX:HeapBaseMinAddress
#     to set the Java Heap base and to place the Java Heap above 4GB virtual address.
# This output file may be truncated or incomplete.
#
#  Out of Memory Error (os_windows.cpp:3548), pid=24984, tid=30832
#
# JRE version:  (17.0.12+8) (build )
# Java VM: Java HotSpot(TM) 64-Bit Server VM (17.0.12+8-LTS-286, mixed mode, emulated-client, sharing, tiered, compressed oops, compressed class ptrs, g1 gc, windows-amd64)
# No core dump will be written. Minidumps are not enabled by default on client versions of Windows
#

---------------  S U M M A R Y ------------

Command Line: -XX:TieredStopAtLevel=1 -Dfile.encoding=x-windows-949 -Duser.country -Duser.language=en -Duser.variant LittlePet.UMC.UmcApplication

Host: 11th Gen Intel(R) Core(TM) i5-1135G7 @ 2.40GHz, 8 cores, 7G,  Windows 11 , 64 bit Build 22621 (10.0.22621.4391)
Time: Wed Jan 29 01:04:28 2025  Windows 11 , 64 bit Build 22621 (10.0.22621.4391) elapsed time: 0.044842 seconds (0d 0h 0m 0s)

---------------  T H R E A D  ---------------

Current thread (0x0000022bc69027d0):  JavaThread "Unknown thread" [_thread_in_vm, id=30832, stack(0x0000006e95400000,0x0000006e95500000)]

Stack: [0x0000006e95400000,0x0000006e95500000]
Native frames: (J=compiled Java code, j=interpreted, Vv=VM code, C=native code)
V  [jvm.dll+0x67a04a]
V  [jvm.dll+0x7da4ed]
V  [jvm.dll+0x7dbe33]
V  [jvm.dll+0x7dc4a3]
V  [jvm.dll+0x24508f]
V  [jvm.dll+0x677089]
V  [jvm.dll+0x66bd32]
V  [jvm.dll+0x301fa6]
V  [jvm.dll+0x309546]
V  [jvm.dll+0x359d2e]
V  [jvm.dll+0x359f5f]
V  [jvm.dll+0x2d9078]
V  [jvm.dll+0x2d9fe4]
V  [jvm.dll+0x7aca21]
V  [jvm.dll+0x367591]
V  [jvm.dll+0x78b999]
V  [jvm.dll+0x3ec83f]
V  [jvm.dll+0x3ee471]
C  [jli.dll+0x5297]
C  [ucrtbase.dll+0x29333]
C  [KERNEL32.DLL+0x1259d]
C  [ntdll.dll+0x5af38]


---------------  P R O C E S S  ---------------

Threads class SMR info:
_java_thread_list=0x00007ffb52537a18, length=0, elements={
}

Java Threads: ( => current thread )

Other Threads:
  0x0000022bc695a7a0 GCTaskThread "GC Thread#0" [stack: 0x0000006e95500000,0x0000006e95600000] [id=27304]
  0x0000022bc696bc10 ConcurrentGCThread "G1 Main Marker" [stack: 0x0000006e95600000,0x0000006e95700000] [id=27720]
  0x0000022bc696d540 ConcurrentGCThread "G1 Conc#0" [stack: 0x0000006e95700000,0x0000006e95800000] [id=15064]

[error occurred during error reporting (printing all threads), id 0xc0000005, EXCEPTION_ACCESS_VIOLATION (0xc0000005) at pc=0x00007ffb51d69b67]

VM state: not at safepoint (not fully initialized)

VM Mutex/Monitor currently owned by a thread:  ([mutex/lock_event])
[0x0000022bc68fe370] Heap_lock - owner thread: 0x0000022bc69027d0

Heap address: 0x0000000085000000, size: 1968 MB, Compressed Oops mode: 32-bit

CDS archive(s) mapped at: [0x0000000000000000-0x0000000000000000-0x0000000000000000), size 0, SharedBaseAddress: 0x0000000800000000, ArchiveRelocationMode: 1.
Narrow klass base: 0x0000000000000000, Narrow klass shift: 0, Narrow klass range: 0x0

GC Precious Log:
<Empty>

Heap:
 garbage-first heap   total 0K, used 0K [0x0000000085000000, 0x0000000100000000)
  region size 1024K, 0 young (0K), 0 survivors (0K)

[error occurred during error reporting (printing heap information), id 0xc0000005, EXCEPTION_ACCESS_VIOLATION (0xc0000005) at pc=0x00007ffb52153859]

GC Heap History (0 events):
No events

Deoptimization events (0 events):
No events

Classes unloaded (0 events):
No events

Classes redefined (0 events):
No events

Internal exceptions (0 events):
No events

VM Operations (0 events):
No events

Events (1 events):
Event: 0.025 Loaded shared library C:\Program Files\Java\jdk-17\bin\java.dll


Dynamic libraries:
0x00007ff796e60000 - 0x00007ff796e70000 	C:\Program Files\Java\jdk-17\bin\java.exe
0x00007ffbad6d0000 - 0x00007ffbad8e7000 	C:\WINDOWS\SYSTEM32\ntdll.dll
0x00007ffb793c0000 - 0x00007ffb793da000 	C:\Program Files\AVG\Antivirus\aswhook.dll
0x00007ffbaba10000 - 0x00007ffbabad4000 	C:\WINDOWS\System32\KERNEL32.DLL
0x00007ffbaae10000 - 0x00007ffbab1ca000 	C:\WINDOWS\System32\KERNELBASE.dll
0x00007ffbaacf0000 - 0x00007ffbaae01000 	C:\WINDOWS\System32\ucrtbase.dll
0x00007ffb93800000 - 0x00007ffb93819000 	C:\Program Files\Java\jdk-17\bin\jli.dll
0x00007ffbabe80000 - 0x00007ffbabf32000 	C:\WINDOWS\System32\ADVAPI32.dll
0x00007ffb8e980000 - 0x00007ffb8e99b000 	C:\Program Files\Java\jdk-17\bin\VCRUNTIME140.dll
0x00007ffbac310000 - 0x00007ffbac3b7000 	C:\WINDOWS\System32\msvcrt.dll
0x00007ffbacf90000 - 0x00007ffbad037000 	C:\WINDOWS\System32\sechost.dll
0x00007ffbaab30000 - 0x00007ffbaab58000 	C:\WINDOWS\System32\bcrypt.dll
0x00007ffbab4d0000 - 0x00007ffbab5e4000 	C:\WINDOWS\System32\RPCRT4.dll
0x00007ffbad4e0000 - 0x00007ffbad68e000 	C:\WINDOWS\System32\USER32.dll
0x00007ffbaacc0000 - 0x00007ffbaace6000 	C:\WINDOWS\System32\win32u.dll
0x00007ffbacf60000 - 0x00007ffbacf89000 	C:\WINDOWS\System32\GDI32.dll
0x00007ffbaaa10000 - 0x00007ffbaab2b000 	C:\WINDOWS\System32\gdi32full.dll
0x00007ffbaac20000 - 0x00007ffbaacba000 	C:\WINDOWS\System32\msvcp_win.dll
0x00007ffb9c980000 - 0x00007ffb9cc12000 	C:\WINDOWS\WinSxS\amd64_microsoft.windows.common-controls_6595b64144ccf1df_6.0.22621.4541_none_2710d1c57384c085\COMCTL32.dll
0x00007ffba1900000 - 0x00007ffba190a000 	C:\WINDOWS\SYSTEM32\VERSION.dll
0x00007ffbacd60000 - 0x00007ffbacd91000 	C:\WINDOWS\System32\IMM32.DLL
0x00007ffb9d0a0000 - 0x00007ffb9d0ac000 	C:\Program Files\Java\jdk-17\bin\vcruntime140_1.dll
0x00007ffb89db0000 - 0x00007ffb89e3e000 	C:\Program Files\Java\jdk-17\bin\msvcp140.dll
0x00007ffb51a80000 - 0x00007ffb52660000 	C:\Program Files\Java\jdk-17\bin\server\jvm.dll
0x00007ffbab640000 - 0x00007ffbab648000 	C:\WINDOWS\System32\PSAPI.DLL
0x00007ffba4bc0000 - 0x00007ffba4bf4000 	C:\WINDOWS\SYSTEM32\WINMM.dll
0x00007ffb970d0000 - 0x00007ffb970d9000 	C:\WINDOWS\SYSTEM32\WSOCK32.dll
0x00007ffbabf40000 - 0x00007ffbabfb1000 	C:\WINDOWS\System32\ws2_32.DLL
0x00007ffba9a90000 - 0x00007ffba9aa8000 	C:\WINDOWS\SYSTEM32\kernel.appcore.dll
0x00007ffb9cea0000 - 0x00007ffb9ceaa000 	C:\Program Files\Java\jdk-17\bin\jimage.dll
0x00007ffba8310000 - 0x00007ffba8542000 	C:\WINDOWS\SYSTEM32\DBGHELP.DLL
0x00007ffbabae0000 - 0x00007ffbabe71000 	C:\WINDOWS\System32\combase.dll
0x00007ffbab830000 - 0x00007ffbab907000 	C:\WINDOWS\System32\OLEAUT32.dll
0x00007ffba0230000 - 0x00007ffba0262000 	C:\WINDOWS\SYSTEM32\dbgcore.DLL
0x00007ffbab340000 - 0x00007ffbab3bb000 	C:\WINDOWS\System32\bcryptPrimitives.dll
0x00007ffb8da80000 - 0x00007ffb8daa5000 	C:\Program Files\Java\jdk-17\bin\java.dll

dbghelp: loaded successfully - version: 4.0.5 - missing functions: none
symbol engine: initialized successfully - sym options: 0x614 - pdb path: .;C:\Program Files\Java\jdk-17\bin;C:\WINDOWS\SYSTEM32;C:\Program Files\AVG\Antivirus;C:\WINDOWS\WinSxS\amd64_microsoft.windows.common-controls_6595b64144ccf1df_6.0.22621.4541_none_2710d1c57384c085;C:\Program Files\Java\jdk-17\bin\server

VM Arguments:
jvm_args: -XX:TieredStopAtLevel=1 -Dfile.encoding=x-windows-949 -Duser.country -Duser.language=en -Duser.variant 
java_command: LittlePet.UMC.UmcApplication
java_class_path (initial): C:\Users\tladm\LittlePet_Backend\build\classes\java\main;C:\Users\tladm\LittlePet_Backend\build\resources\main;C:\Users\tladm\.gradle\caches\modules-2\files-2.1\io.jsonwebtoken\jjwt-impl\0.12.3\e850d2b3f53bd82355cd9ee1c471054aa602b320\jjwt-impl-0.12.3.jar;C:\Users\tladm\.gradle\caches\modules-2\files-2.1\io.jsonwebtoken\jjwt-jackson\0.12.3\5e6d0e45441547d892d3273a4ce5dd042e91d162\jjwt-jackson-0.12.3.jar;C:\Users\tladm\.gradle\caches\modules-2\files-2.1\io.jsonwebtoken\jjwt-api\0.12.3\30b7de9176d17fa347eef14b85480825dab76b58\jjwt-api-0.12.3.jar;C:\Users\tladm\.gradle\caches\modules-2\files-2.1\me.paulschwarz\spring-dotenv\3.0.0\34187857043845ef1710ac7efec6b82543b46eee\spring-dotenv-3.0.0.jar;C:\Users\tladm\.gradle\caches\modules-2\files-2.1\org.springdoc\springdoc-openapi-starter-webmvc-ui\2.7.0\4426174e7fa7428a1c5f2edbd352c89e3e6b9794\springdoc-openapi-starter-webmvc-ui-2.7.0.jar;C:\Users\tladm\.gradle\caches\modules-2\files-2.1\org.springdoc\springdoc-openapi-starter-webmvc-api\2.7.0\37d5234d1fd470918775569ebe240e18c367340f\springdoc-openapi-starter-webmvc-api-2.7.0.jar;C:\Users\tladm\.gradle\caches\modules-2\files-2.1\org.springdoc\springdoc-openapi-starter-common\2.7.0\bba119cebeab38aa8ba9a506d76bd611407348c1\springdoc-openapi-starter-common-2.7.0.jar;C:\Users\tladm\.gradle\caches\modules-2\files-2.1\com.mysql\mysql-connector-j\9.1.0\5fb1d513278e1a9767dfa80ea9d8d7ee909f1a\mysql-connector-j-9.1.0.jar;C:\Users\tladm\.gradle\caches\modules-2\files-2.1\org.hibernate.orm\hibernate-core\6.6.4.Final\95c6d2d58c40dbbfbbd58084941e5cbca4ddef2f\hibernate-core-6.6.4.Final.jar;C:\Users\tladm\.gradle\caches\modules-2\files-2.1\org.springframework.data\spring-data-jpa\3.4.1\1c704fa9169ea3745775568e733fddd0132070b2\spring-data-jpa-3.4.1.jar;C:\Users\tladm\.gradle\caches\modules-2\files-2.1\org.springframework\spring-aspects\6.2.1\50350218608abf215ae40ef00c87cc666737e199\spring-aspects-6.2.1.jar;C:\Users\tladm\.gradle\caches\modules-2\files-2.1\org.spr
Launcher Type: SUN_STANDARD

[Global flags]
     intx CICompilerCount                          = 4                                         {product} {ergonomic}
     uint ConcGCThreads                            = 2                                         {product} {ergonomic}
     uint G1ConcRefinementThreads                  = 8                                         {product} {ergonomic}
   size_t G1HeapRegionSize                         = 1048576                                   {product} {ergonomic}
    uintx GCDrainStackTargetSize                   = 64                                        {product} {ergonomic}
   size_t InitialHeapSize                          = 130023424                                 {product} {ergonomic}
   size_t MarkStackSize                            = 4194304                                   {product} {ergonomic}
   size_t MaxHeapSize                              = 2063597568                                {product} {ergonomic}
   size_t MinHeapDeltaBytes                        = 1048576                                   {product} {ergonomic}
   size_t MinHeapSize                              = 8388608                                   {product} {ergonomic}
    uintx NonProfiledCodeHeapSize                  = 0                                      {pd product} {ergonomic}
     bool ProfileInterpreter                       = false                                  {pd product} {command line}
    uintx ProfiledCodeHeapSize                     = 0                                      {pd product} {ergonomic}
   size_t SoftMaxHeapSize                          = 2063597568                             {manageable} {ergonomic}
     intx TieredStopAtLevel                        = 1                                         {product} {command line}
     bool UseCompressedClassPointers               = true                           {product lp64_product} {ergonomic}
     bool UseCompressedOops                        = true                           {product lp64_product} {ergonomic}
     bool UseG1GC                                  = true                                      {product} {ergonomic}
     bool UseLargePagesIndividualAllocation        = false                                  {pd product} {ergonomic}

Logging:
Log output configuration:
 #0: stdout all=warning uptime,level,tags
 #1: stderr all=off uptime,level,tags

Environment Variables:
JAVA_HOME=C:\Program Files\Java\jdk-17
CLASSPATH=%classpath%;.
PATH=C:\Program Files (x86)\VMware\VMware Player\bin\;C:\Python310\Scripts\;C:\Python310\;C:\windows\system32;C:\windows;C:\windows\System32\Wbem;C:\windows\System32\WindowsPowerShell\v1.0\;C:\windows\System32\OpenSSH\;C:\Program Files (x86)\NVIDIA Corporation\PhysX\Common;C:\Program Files\NVIDIA Corporation\NVIDIA NvDLISR;C:\Program Files\Microsoft SQL Server\130\Tools\Binn\;C:\ProgramData\chocolatey\bin;C:\Program Files\Git\cmd;C:\WINDOWS\system32;C:\WINDOWS;C:\WINDOWS\System32\Wbem;C:\WINDOWS\System32\WindowsPowerShell\v1.0\;C:\WINDOWS\System32\OpenSSH\;C:\Program Files\MySQL\MySQL Server 8.0\bin;C:\Users\tladm\AppData\Roaming\nvm;C:\Program Files\nodejs;C:\Program Files\nodejs\;C:\Program Files\Docker\Docker\resources\bin;C:\Program Files\Java\jdk-17\bin;C:\Program Files\gradle-8.10.2\bin;C:\Program Files\MongoDB\Server\8.0\bin;C:\Program Files\nodejs;C:\Python312\Scripts\;C:\Python312\;C:\app\tladm\product\18.0.0\dbhomeXE\bin;C:\Program Files (x86)\VMware\VMware Player\bin\;C:\Program Files\Eclipse Foundation\jdk-8.0.302.8-hotspot\bin;C:\Program Files\Common Files\Oracle\Java\javapath;C:\Program Files\Common Files\Oracle\Java\javapath;C:\Program Files\Java\jdk-18.0.0.0\bin;C:\Python310\Scripts\;C:\Python310\;C:\windows\system32;C:\windows;C:\windows\System32\Wbem;C:\windows\System32\WindowsPowerShell\v1.0\;C:\windows\System32\OpenSSH\;C:\Program Files (x86)\NVIDIA Corporation\PhysX\Common;C:\Program Files\NVIDIA Corporation\NVIDIA NvDLISR;C:\Program Files\Microsoft SQL Server\130\Tools\Binn\;C:\ProgramData\chocolatey\bin;C:\Program Files\dotnet\;C:\Program Files\Git\cmd;C:\WINDOWS\system32;C:\WINDOWS;C:\WINDOWS\System32\Wbem;C:\WINDOWS\System32\WindowsPowerShell\v1.0\;C:\WINDOWS\System32\OpenSSH\;C:\Program Files\MySQL\MySQL Server 8.0\bin;C:\Users\tladm\AppData\Roaming\nvm;C:\Program Files\nodejs;C:\Users\tladm\AppData\Local\Programs\Microsoft VS Code\bin;C:\Program Files\MongoDB\Server\8.0\bin;
USERNAME=tladm
OS=Windows_NT
PROCESSOR_IDENTIFIER=Intel64 Family 6 Model 140 Stepping 1, GenuineIntel



---------------  S Y S T E M  ---------------

OS:
 Windows 11 , 64 bit Build 22621 (10.0.22621.4391)
OS uptime: 4 days 18:55 hours
Hyper-V role detected

CPU: total 8 (initial active 8) (4 cores per cpu, 2 threads per core) family 6 model 140 stepping 1 microcode 0xb4, cx8, cmov, fxsr, ht, mmx, 3dnowpref, sse, sse2, sse3, ssse3, sse4.1, sse4.2, popcnt, lzcnt, tsc, tscinvbit, avx, avx2, aes, erms, clmul, bmi1, bmi2, adx, avx512f, avx512dq, avx512cd, avx512bw, avx512vl, sha, fma, vzeroupper, avx512_vpopcntdq, avx512_vpclmulqdq, avx512_vaes, avx512_vnni, clflush, clflushopt, clwb, avx512_vbmi2, avx512_vbmi, hv

Memory: 4k page, system-wide physical 7865M (519M free)
TotalPageFile size 32441M (AvailPageFile size 28M)
current process WorkingSet (physical memory assigned to process): 11M, peak: 11M
current process commit charge ("private bytes"): 55M, peak: 179M

vm_info: Java HotSpot(TM) 64-Bit Server VM (17.0.12+8-LTS-286) for windows-amd64 JRE (17.0.12+8-LTS-286), built on Jun  5 2024 06:46:59 by "mach5one" with MS VC++ 17.6 (VS2022)

END.
